
*** Running vivado
    with args -log led_counter.vds -m64 -product Vivado -mode batch -messageDb vivado.pb -notrace -source led_counter.tcl



****** Vivado v2024.2 (64-bit)
  **** SW Build 5239630 on Fri Nov 08 22:35:27 MST 2024
  **** IP Build 5239520 on Sun Nov 10 16:12:51 MST 2024
  **** SharedData Build 5239561 on Fri Nov 08 14:39:27 MST 2024
  **** Start of session at: Tue Jun 17 19:21:49 2025
    ** Copyright 1986-2022 Xilinx, Inc. All Rights Reserved.
    ** Copyright 2022-2024 Advanced Micro Devices, Inc. All Rights Reserved.

source led_counter.tcl -notrace
Command: read_checkpoint -auto_incremental -incremental {C:/Users/AmZu/Desktop/Github_Renovations/CNC-FPGA/AMD Projects/HelloWorldCounter/HelloWorldCounter.srcs/utils_1/imports/synth_1/led_counter.dcp}
INFO: [Vivado 12-5825] Read reference checkpoint from C:/Users/AmZu/Desktop/Github_Renovations/CNC-FPGA/AMD Projects/HelloWorldCounter/HelloWorldCounter.srcs/utils_1/imports/synth_1/led_counter.dcp for incremental synthesis
INFO: [Vivado 12-7989] Please ensure there are no constraint changes
Command: synth_design -top led_counter -part xc7z020clg484-1
Starting synth_design
Attempting to get a license for feature 'Synthesis' and/or device 'xc7z020'
INFO: [Common 17-349] Got license for feature 'Synthesis' and/or device 'xc7z020'
INFO: [Device 21-403] Loading part xc7z020clg484-1
INFO: [Designutils 20-5440] No compile time benefit to using incremental synthesis; A full resynthesis will be run
INFO: [Designutils 20-4379] Flow is switching to default flow due to incremental criteria not met. If you would like to alter this behaviour and have the flow terminate instead, please set the following parameter config_implementation {autoIncr.Synth.RejectBehavior Terminate}
INFO: [Synth 8-7079] Multithreading enabled for synth_design using a maximum of 2 processes.
INFO: [Synth 8-7078] Launching helper process for spawning children vivado processes
INFO: [Synth 8-7075] Helper process launched with PID 17868
---------------------------------------------------------------------------------
Starting RTL Elaboration : Time (s): cpu = 00:00:04 ; elapsed = 00:00:04 . Memory (MB): peak = 1057.930 ; gain = 470.055
---------------------------------------------------------------------------------
INFO: [Synth 8-6157] synthesizing module 'led_counter' [C:/Users/AmZu/Desktop/Github_Renovations/CNC-FPGA/AMD Projects/HelloWorldCounter/HelloWorldCounter.srcs/sources_1/new/led_counter.v:1]
INFO: [Synth 8-6155] done synthesizing module 'led_counter' (0#1) [C:/Users/AmZu/Desktop/Github_Renovations/CNC-FPGA/AMD Projects/HelloWorldCounter/HelloWorldCounter.srcs/sources_1/new/led_counter.v:1]
WARNING: [Synth 8-3917] design led_counter has port drv_rst driven by constant 1
WARNING: [Synth 8-3917] design led_counter has port drv_ms1 driven by constant 0
WARNING: [Synth 8-3917] design led_counter has port drv_ms2 driven by constant 0
WARNING: [Synth 8-3917] design led_counter has port drv_ms3 driven by constant 0
WARNING: [Synth 8-3917] design led_counter has port led[7] driven by constant 0
WARNING: [Synth 8-3917] design led_counter has port led[6] driven by constant 0
WARNING: [Synth 8-3917] design led_counter has port led[5] driven by constant 0
WARNING: [Synth 8-3917] design led_counter has port led[3] driven by constant 0
WARNING: [Synth 8-3917] design led_counter has port led[2] driven by constant 1
---------------------------------------------------------------------------------
Finished RTL Elaboration : Time (s): cpu = 00:00:06 ; elapsed = 00:00:06 . Memory (MB): peak = 1162.156 ; gain = 574.281
---------------------------------------------------------------------------------
---------------------------------------------------------------------------------
Start Handling Custom Attributes
---------------------------------------------------------------------------------
---------------------------------------------------------------------------------
Finished Handling Custom Attributes : Time (s): cpu = 00:00:06 ; elapsed = 00:00:06 . Memory (MB): peak = 1162.156 ; gain = 574.281
---------------------------------------------------------------------------------
---------------------------------------------------------------------------------
Finished RTL Optimization Phase 1 : Time (s): cpu = 00:00:06 ; elapsed = 00:00:06 . Memory (MB): peak = 1162.156 ; gain = 574.281
---------------------------------------------------------------------------------
Netlist sorting complete. Time (s): cpu = 00:00:00 ; elapsed = 00:00:00 . Memory (MB): peak = 1162.156 ; gain = 0.000
INFO: [Project 1-570] Preparing netlist for logic optimization

Processing XDC Constraints
Initializing timing engine
Parsing XDC File [C:/Users/AmZu/Desktop/Github_Renovations/CNC-FPGA/AMD Projects/HelloWorldCounter/HelloWorldCounter.srcs/constrs_1/new/zed_leds.xdc]
Finished Parsing XDC File [C:/Users/AmZu/Desktop/Github_Renovations/CNC-FPGA/AMD Projects/HelloWorldCounter/HelloWorldCounter.srcs/constrs_1/new/zed_leds.xdc]
INFO: [Project 1-236] Implementation specific constraints were found while reading constraint file [C:/Users/AmZu/Desktop/Github_Renovations/CNC-FPGA/AMD Projects/HelloWorldCounter/HelloWorldCounter.srcs/constrs_1/new/zed_leds.xdc]. These constraints will be ignored for synthesis but will be used in implementation. Impacted constraints are listed in the file [.Xil/led_counter_propImpl.xdc].
Resolution: To avoid this warning, move constraints listed in [.Xil/led_counter_propImpl.xdc] to another XDC file and exclude this new file from synthesis with the used_in_synthesis property (File Properties dialog in GUI) and re-run elaboration/synthesis.
Completed Processing XDC Constraints

Netlist sorting complete. Time (s): cpu = 00:00:00 ; elapsed = 00:00:00 . Memory (MB): peak = 1218.840 ; gain = 0.000
INFO: [Project 1-111] Unisim Transformation Summary:
No Unisim elements were transformed.

Constraint Validation Runtime : Time (s): cpu = 00:00:00 ; elapsed = 00:00:00.002 . Memory (MB): peak = 1218.840 ; gain = 0.000
INFO: [Designutils 20-5440] No compile time benefit to using incremental synthesis; A full resynthesis will be run
INFO: [Designutils 20-4379] Flow is switching to default flow due to incremental criteria not met. If you would like to alter this behaviour and have the flow terminate instead, please set the following parameter config_implementation {autoIncr.Synth.RejectBehavior Terminate}
---------------------------------------------------------------------------------
Finished Constraint Validation : Time (s): cpu = 00:00:12 ; elapsed = 00:00:12 . Memory (MB): peak = 1218.840 ; gain = 630.965
---------------------------------------------------------------------------------
---------------------------------------------------------------------------------
Start Loading Part and Timing Information
---------------------------------------------------------------------------------
Loading part: xc7z020clg484-1
---------------------------------------------------------------------------------
Finished Loading Part and Timing Information : Time (s): cpu = 00:00:12 ; elapsed = 00:00:12 . Memory (MB): peak = 1218.840 ; gain = 630.965
---------------------------------------------------------------------------------
---------------------------------------------------------------------------------
Start Applying 'set_property' XDC Constraints
---------------------------------------------------------------------------------
---------------------------------------------------------------------------------
Finished applying 'set_property' XDC Constraints : Time (s): cpu = 00:00:12 ; elapsed = 00:00:12 . Memory (MB): peak = 1218.840 ; gain = 630.965
---------------------------------------------------------------------------------
---------------------------------------------------------------------------------
Finished RTL Optimization Phase 2 : Time (s): cpu = 00:00:12 ; elapsed = 00:00:12 . Memory (MB): peak = 1218.840 ; gain = 630.965
---------------------------------------------------------------------------------
---------------------------------------------------------------------------------
Start RTL Component Statistics 
---------------------------------------------------------------------------------
Detailed RTL Component Info : 
+---Registers : 
	                1 Bit    Registers := 1     
---------------------------------------------------------------------------------
Finished RTL Component Statistics 
---------------------------------------------------------------------------------
---------------------------------------------------------------------------------
Start Part Resource Summary
---------------------------------------------------------------------------------
Part Resources:
DSPs: 220 (col length:60)
BRAMs: 280 (col length: RAMB18 60 RAMB36 30)
---------------------------------------------------------------------------------
Finished Part Resource Summary
---------------------------------------------------------------------------------
---------------------------------------------------------------------------------
Start Cross Boundary and Area Optimization
---------------------------------------------------------------------------------
ADVISORY: [Synth 8-7080] Parallel synthesis criteria is not met
WARNING: [Synth 8-3917] design led_counter has port drv_rst driven by constant 1
WARNING: [Synth 8-3917] design led_counter has port drv_ms1 driven by constant 0
WARNING: [Synth 8-3917] design led_counter has port drv_ms2 driven by constant 0
WARNING: [Synth 8-3917] design led_counter has port drv_ms3 driven by constant 0
WARNING: [Synth 8-3917] design led_counter has port led[7] driven by constant 0
WARNING: [Synth 8-3917] design led_counter has port led[6] driven by constant 0
WARNING: [Synth 8-3917] design led_counter has port led[5] driven by constant 0
WARNING: [Synth 8-3917] design led_counter has port led[3] driven by constant 0
WARNING: [Synth 8-3917] design led_counter has port led[2] driven by constant 1
---------------------------------------------------------------------------------
Finished Cross Boundary and Area Optimization : Time (s): cpu = 00:00:14 ; elapsed = 00:00:14 . Memory (MB): peak = 1218.840 ; gain = 630.965
---------------------------------------------------------------------------------
---------------------------------------------------------------------------------
Start Applying XDC Timing Constraints
---------------------------------------------------------------------------------
---------------------------------------------------------------------------------
Finished Applying XDC Timing Constraints : Time (s): cpu = 00:00:18 ; elapsed = 00:00:18 . Memory (MB): peak = 1351.785 ; gain = 763.910
---------------------------------------------------------------------------------
---------------------------------------------------------------------------------
Start Timing Optimization
---------------------------------------------------------------------------------
---------------------------------------------------------------------------------
Finished Timing Optimization : Time (s): cpu = 00:00:18 ; elapsed = 00:00:18 . Memory (MB): peak = 1351.785 ; gain = 763.910
---------------------------------------------------------------------------------
---------------------------------------------------------------------------------
Start Technology Mapping
---------------------------------------------------------------------------------
---------------------------------------------------------------------------------
Finished Technology Mapping : Time (s): cpu = 00:00:18 ; elapsed = 00:00:18 . Memory (MB): peak = 1361.836 ; gain = 773.961
---------------------------------------------------------------------------------
---------------------------------------------------------------------------------
Start IO Insertion
---------------------------------------------------------------------------------
---------------------------------------------------------------------------------
Start Flattening Before IO Insertion
---------------------------------------------------------------------------------
---------------------------------------------------------------------------------
Finished Flattening Before IO Insertion
---------------------------------------------------------------------------------
---------------------------------------------------------------------------------
Start Final Netlist Cleanup
---------------------------------------------------------------------------------
---------------------------------------------------------------------------------
Finished Final Netlist Cleanup
---------------------------------------------------------------------------------
---------------------------------------------------------------------------------
Finished IO Insertion : Time (s): cpu = 00:00:21 ; elapsed = 00:00:21 . Memory (MB): peak = 1578.086 ; gain = 990.211
---------------------------------------------------------------------------------
---------------------------------------------------------------------------------
Start Renaming Generated Instances
---------------------------------------------------------------------------------
---------------------------------------------------------------------------------
Finished Renaming Generated Instances : Time (s): cpu = 00:00:21 ; elapsed = 00:00:21 . Memory (MB): peak = 1578.086 ; gain = 990.211
---------------------------------------------------------------------------------
---------------------------------------------------------------------------------
Start Rebuilding User Hierarchy
---------------------------------------------------------------------------------
---------------------------------------------------------------------------------
Finished Rebuilding User Hierarchy : Time (s): cpu = 00:00:21 ; elapsed = 00:00:21 . Memory (MB): peak = 1578.086 ; gain = 990.211
---------------------------------------------------------------------------------
---------------------------------------------------------------------------------
Start Renaming Generated Ports
---------------------------------------------------------------------------------
---------------------------------------------------------------------------------
Finished Renaming Generated Ports : Time (s): cpu = 00:00:21 ; elapsed = 00:00:21 . Memory (MB): peak = 1578.086 ; gain = 990.211
---------------------------------------------------------------------------------
---------------------------------------------------------------------------------
Start Handling Custom Attributes
---------------------------------------------------------------------------------
---------------------------------------------------------------------------------
Finished Handling Custom Attributes : Time (s): cpu = 00:00:21 ; elapsed = 00:00:21 . Memory (MB): peak = 1578.086 ; gain = 990.211
---------------------------------------------------------------------------------
---------------------------------------------------------------------------------
Start Renaming Generated Nets
---------------------------------------------------------------------------------
---------------------------------------------------------------------------------
Finished Renaming Generated Nets : Time (s): cpu = 00:00:21 ; elapsed = 00:00:21 . Memory (MB): peak = 1578.086 ; gain = 990.211
---------------------------------------------------------------------------------
---------------------------------------------------------------------------------
Start Writing Synthesis Report
---------------------------------------------------------------------------------

Report BlackBoxes: 
+-+--------------+----------+
| |BlackBox name |Instances |
+-+--------------+----------+
+-+--------------+----------+

Report Cell Usage: 
+------+-------+------+
|      |Cell   |Count |
+------+-------+------+
|1     |BUFG   |     1|
|2     |CARRY4 |     5|
|3     |LUT1   |     1|
|4     |LUT2   |     1|
|5     |FDRE   |    21|
|6     |IBUF   |     3|
|7     |OBUF   |    15|
+------+-------+------+
---------------------------------------------------------------------------------
Finished Writing Synthesis Report : Time (s): cpu = 00:00:21 ; elapsed = 00:00:21 . Memory (MB): peak = 1578.086 ; gain = 990.211
---------------------------------------------------------------------------------
Synthesis finished with 0 errors, 0 critical warnings and 9 warnings.
Synthesis Optimization Runtime : Time (s): cpu = 00:00:14 ; elapsed = 00:00:19 . Memory (MB): peak = 1578.086 ; gain = 933.527
Synthesis Optimization Complete : Time (s): cpu = 00:00:21 ; elapsed = 00:00:21 . Memory (MB): peak = 1578.086 ; gain = 990.211
INFO: [Project 1-571] Translating synthesized netlist
Netlist sorting complete. Time (s): cpu = 00:00:00 ; elapsed = 00:00:00 . Memory (MB): peak = 1587.227 ; gain = 0.000
INFO: [Netlist 29-17] Analyzing 5 Unisim elements for replacement
INFO: [Netlist 29-28] Unisim Transformation completed in 0 CPU seconds
INFO: [Project 1-570] Preparing netlist for logic optimization
INFO: [Opt 31-138] Pushed 0 inverter(s) to 0 load pin(s).
Netlist sorting complete. Time (s): cpu = 00:00:00 ; elapsed = 00:00:00 . Memory (MB): peak = 1590.891 ; gain = 0.000
INFO: [Project 1-111] Unisim Transformation Summary:
No Unisim elements were transformed.

Synth Design complete | Checksum: 402537ce
INFO: [Common 17-83] Releasing license: Synthesis
23 Infos, 18 Warnings, 0 Critical Warnings and 0 Errors encountered.
synth_design completed successfully
synth_design: Time (s): cpu = 00:00:23 ; elapsed = 00:00:26 . Memory (MB): peak = 1590.891 ; gain = 1237.973
Write ShapeDB Complete: Time (s): cpu = 00:00:00 ; elapsed = 00:00:00.001 . Memory (MB): peak = 1590.891 ; gain = 0.000
INFO: [Common 17-1381] The checkpoint 'C:/Users/AmZu/Desktop/Github_Renovations/CNC-FPGA/AMD Projects/HelloWorldCounter/HelloWorldCounter.runs/synth_1/led_counter.dcp' has been generated.
INFO: [Vivado 12-24828] Executing command : report_utilization -file led_counter_utilization_synth.rpt -pb led_counter_utilization_synth.pb
INFO: [Common 17-206] Exiting Vivado at Tue Jun 17 19:22:18 2025...
