
*** Running vivado
    with args -log CNC_Top_wrapper.vds -m64 -product Vivado -mode batch -messageDb vivado.pb -notrace -source CNC_Top_wrapper.tcl



****** Vivado v2024.2 (64-bit)
  **** SW Build 5239630 on Fri Nov 08 22:35:27 MST 2024
  **** IP Build 5239520 on Sun Nov 10 16:12:51 MST 2024
  **** SharedData Build 5239561 on Fri Nov 08 14:39:27 MST 2024
  **** Start of session at: Wed Jun 18 02:25:59 2025
    ** Copyright 1986-2022 Xilinx, Inc. All Rights Reserved.
    ** Copyright 2022-2024 Advanced Micro Devices, Inc. All Rights Reserved.

source CNC_Top_wrapper.tcl -notrace
INFO: [IP_Flow 19-234] Refreshing IP repositories
INFO: [IP_Flow 19-1704] No user IP repositories specified
INFO: [IP_Flow 19-2313] Loaded Vivado IP repository 'C:/Xilinx/Vivado/2024.2/data/ip'.
INFO: [Project 1-5578] Found utility IPs instantiated in block design C:/Users/AmZu/Desktop/Github_Renovations/CNC-FPGA/AMD Projects/Zedboard-CNC/Zedboard-CNC.srcs/sources_1/bd/CNC_Top/CNC_Top.bd which have equivalent inline hdl with improved performance and reduced diskspace.
It is recommended to migrate these utility IPs to inline hdl  using the command upgrade_project -migrate_to_inline_hdl.  The utility IPs may be deprecated in future releases.
More information on inline hdl is available in UG994. 
Command: read_checkpoint -auto_incremental -incremental {C:/Users/AmZu/Desktop/Github_Renovations/CNC-FPGA/AMD Projects/Zedboard-CNC/Zedboard-CNC.srcs/utils_1/imports/synth_1/A4988_Driver_IO.dcp}
INFO: [Vivado 12-5825] Read reference checkpoint from C:/Users/AmZu/Desktop/Github_Renovations/CNC-FPGA/AMD Projects/Zedboard-CNC/Zedboard-CNC.srcs/utils_1/imports/synth_1/A4988_Driver_IO.dcp for incremental synthesis
INFO: [Vivado 12-7989] Please ensure there are no constraint changes
Command: synth_design -top CNC_Top_wrapper -part xc7z020clg484-1
Starting synth_design
Attempting to get a license for feature 'Synthesis' and/or device 'xc7z020'
INFO: [Common 17-349] Got license for feature 'Synthesis' and/or device 'xc7z020'
INFO: [Device 21-403] Loading part xc7z020clg484-1
INFO: [Designutils 20-5440] No compile time benefit to using incremental synthesis; A full resynthesis will be run
INFO: [Designutils 20-4379] Flow is switching to default flow due to incremental criteria not met. If you would like to alter this behaviour and have the flow terminate instead, please set the following parameter config_implementation {autoIncr.Synth.RejectBehavior Terminate}
INFO: [Synth 8-7079] Multithreading enabled for synth_design using a maximum of 2 processes.
INFO: [Synth 8-7078] Launching helper process for spawning children vivado processes
INFO: [Synth 8-7075] Helper process launched with PID 10700
---------------------------------------------------------------------------------
Starting RTL Elaboration : Time (s): cpu = 00:00:04 ; elapsed = 00:00:04 . Memory (MB): peak = 1075.465 ; gain = 469.566
---------------------------------------------------------------------------------
INFO: [Synth 8-6157] synthesizing module 'CNC_Top_wrapper' [c:/Users/AmZu/Desktop/Github_Renovations/CNC-FPGA/AMD Projects/Zedboard-CNC/Zedboard-CNC.gen/sources_1/bd/CNC_Top/hdl/CNC_Top_wrapper.v:13]
INFO: [Synth 8-6157] synthesizing module 'CNC_Top' [c:/Users/AmZu/Desktop/Github_Renovations/CNC-FPGA/AMD Projects/Zedboard-CNC/Zedboard-CNC.gen/sources_1/bd/CNC_Top/synth/CNC_Top.v:13]
INFO: [Synth 8-6157] synthesizing module 'CNC_Top_A4988_Driver_IO_0_0' [c:/Users/AmZu/Desktop/Github_Renovations/CNC-FPGA/AMD Projects/Zedboard-CNC/Zedboard-CNC.gen/sources_1/bd/CNC_Top/ip/CNC_Top_A4988_Driver_IO_0_0/synth/CNC_Top_A4988_Driver_IO_0_0.v:53]
INFO: [Synth 8-6157] synthesizing module 'A4988_Driver_IO' [C:/Users/AmZu/Desktop/Github_Renovations/CNC-FPGA/AMD Projects/Zedboard-CNC/Zedboard-CNC.srcs/sources_1/new/A4988_Driver_IO.v:20]
INFO: [Synth 8-6155] done synthesizing module 'A4988_Driver_IO' (0#1) [C:/Users/AmZu/Desktop/Github_Renovations/CNC-FPGA/AMD Projects/Zedboard-CNC/Zedboard-CNC.srcs/sources_1/new/A4988_Driver_IO.v:20]
INFO: [Synth 8-6155] done synthesizing module 'CNC_Top_A4988_Driver_IO_0_0' (0#1) [c:/Users/AmZu/Desktop/Github_Renovations/CNC-FPGA/AMD Projects/Zedboard-CNC/Zedboard-CNC.gen/sources_1/bd/CNC_Top/ip/CNC_Top_A4988_Driver_IO_0_0/synth/CNC_Top_A4988_Driver_IO_0_0.v:53]
INFO: [Synth 8-6157] synthesizing module 'CNC_Top_DriverController_0_0' [c:/Users/AmZu/Desktop/Github_Renovations/CNC-FPGA/AMD Projects/Zedboard-CNC/Zedboard-CNC.gen/sources_1/bd/CNC_Top/ip/CNC_Top_DriverController_0_0/synth/CNC_Top_DriverController_0_0.v:53]
INFO: [Synth 8-6157] synthesizing module 'DriverController' [C:/Users/AmZu/Desktop/Github_Renovations/CNC-FPGA/AMD Projects/Zedboard-CNC/Zedboard-CNC.srcs/sources_1/new/DriverController.v:19]
INFO: [Synth 8-6155] done synthesizing module 'DriverController' (0#1) [C:/Users/AmZu/Desktop/Github_Renovations/CNC-FPGA/AMD Projects/Zedboard-CNC/Zedboard-CNC.srcs/sources_1/new/DriverController.v:19]
INFO: [Synth 8-6155] done synthesizing module 'CNC_Top_DriverController_0_0' (0#1) [c:/Users/AmZu/Desktop/Github_Renovations/CNC-FPGA/AMD Projects/Zedboard-CNC/Zedboard-CNC.gen/sources_1/bd/CNC_Top/ip/CNC_Top_DriverController_0_0/synth/CNC_Top_DriverController_0_0.v:53]
INFO: [Synth 8-6157] synthesizing module 'CNC_Top_LED_IO_0_0' [c:/Users/AmZu/Desktop/Github_Renovations/CNC-FPGA/AMD Projects/Zedboard-CNC/Zedboard-CNC.gen/sources_1/bd/CNC_Top/ip/CNC_Top_LED_IO_0_0/synth/CNC_Top_LED_IO_0_0.v:53]
INFO: [Synth 8-6157] synthesizing module 'LED_IO' [C:/Users/AmZu/Desktop/Github_Renovations/CNC-FPGA/AMD Projects/Zedboard-CNC/Zedboard-CNC.srcs/sources_1/new/LED_IO.v:20]
INFO: [Synth 8-6155] done synthesizing module 'LED_IO' (0#1) [C:/Users/AmZu/Desktop/Github_Renovations/CNC-FPGA/AMD Projects/Zedboard-CNC/Zedboard-CNC.srcs/sources_1/new/LED_IO.v:20]
INFO: [Synth 8-6155] done synthesizing module 'CNC_Top_LED_IO_0_0' (0#1) [c:/Users/AmZu/Desktop/Github_Renovations/CNC-FPGA/AMD Projects/Zedboard-CNC/Zedboard-CNC.gen/sources_1/bd/CNC_Top/ip/CNC_Top_LED_IO_0_0/synth/CNC_Top_LED_IO_0_0.v:53]
INFO: [Synth 8-6157] synthesizing module 'CNC_Top_clk_wiz_0' [c:/Users/AmZu/Desktop/Github_Renovations/CNC-FPGA/AMD Projects/Zedboard-CNC/Zedboard-CNC.gen/sources_1/bd/CNC_Top/ip/CNC_Top_clk_wiz_0/CNC_Top_clk_wiz_0.v:65]
INFO: [Synth 8-6157] synthesizing module 'CNC_Top_clk_wiz_0_clk_wiz' [c:/Users/AmZu/Desktop/Github_Renovations/CNC-FPGA/AMD Projects/Zedboard-CNC/Zedboard-CNC.gen/sources_1/bd/CNC_Top/ip/CNC_Top_clk_wiz_0/CNC_Top_clk_wiz_0_clk_wiz.v:65]
INFO: [Synth 8-6157] synthesizing module 'IBUF' [C:/Xilinx/Vivado/2024.2/scripts/rt/data/unisim_comp.v:75825]
INFO: [Synth 8-6155] done synthesizing module 'IBUF' (0#1) [C:/Xilinx/Vivado/2024.2/scripts/rt/data/unisim_comp.v:75825]
INFO: [Synth 8-6157] synthesizing module 'MMCME2_ADV' [C:/Xilinx/Vivado/2024.2/scripts/rt/data/unisim_comp.v:84588]
	Parameter BANDWIDTH bound to: OPTIMIZED - type: string 
	Parameter CLKFBOUT_MULT_F bound to: 10.000000 - type: double 
	Parameter CLKFBOUT_PHASE bound to: 0.000000 - type: double 
	Parameter CLKFBOUT_USE_FINE_PS bound to: FALSE - type: string 
	Parameter CLKIN1_PERIOD bound to: 10.000000 - type: double 
	Parameter CLKOUT0_DIVIDE_F bound to: 10.000000 - type: double 
	Parameter CLKOUT0_DUTY_CYCLE bound to: 0.500000 - type: double 
	Parameter CLKOUT0_PHASE bound to: 0.000000 - type: double 
	Parameter CLKOUT0_USE_FINE_PS bound to: FALSE - type: string 
	Parameter CLKOUT4_CASCADE bound to: FALSE - type: string 
	Parameter COMPENSATION bound to: ZHOLD - type: string 
	Parameter DIVCLK_DIVIDE bound to: 1 - type: integer 
	Parameter STARTUP_WAIT bound to: FALSE - type: string 
INFO: [Synth 8-6155] done synthesizing module 'MMCME2_ADV' (0#1) [C:/Xilinx/Vivado/2024.2/scripts/rt/data/unisim_comp.v:84588]
INFO: [Synth 8-6157] synthesizing module 'BUFG' [C:/Xilinx/Vivado/2024.2/scripts/rt/data/unisim_comp.v:2676]
INFO: [Synth 8-6155] done synthesizing module 'BUFG' (0#1) [C:/Xilinx/Vivado/2024.2/scripts/rt/data/unisim_comp.v:2676]
INFO: [Synth 8-6155] done synthesizing module 'CNC_Top_clk_wiz_0_clk_wiz' (0#1) [c:/Users/AmZu/Desktop/Github_Renovations/CNC-FPGA/AMD Projects/Zedboard-CNC/Zedboard-CNC.gen/sources_1/bd/CNC_Top/ip/CNC_Top_clk_wiz_0/CNC_Top_clk_wiz_0_clk_wiz.v:65]
INFO: [Synth 8-6155] done synthesizing module 'CNC_Top_clk_wiz_0' (0#1) [c:/Users/AmZu/Desktop/Github_Renovations/CNC-FPGA/AMD Projects/Zedboard-CNC/Zedboard-CNC.gen/sources_1/bd/CNC_Top/ip/CNC_Top_clk_wiz_0/CNC_Top_clk_wiz_0.v:65]
WARNING: [Synth 8-7071] port 'locked' of module 'CNC_Top_clk_wiz_0' is unconnected for instance 'clk_wiz' [c:/Users/AmZu/Desktop/Github_Renovations/CNC-FPGA/AMD Projects/Zedboard-CNC/Zedboard-CNC.gen/sources_1/bd/CNC_Top/synth/CNC_Top.v:87]
WARNING: [Synth 8-7023] instance 'clk_wiz' of module 'CNC_Top_clk_wiz_0' has 4 connections declared, but only 3 given [c:/Users/AmZu/Desktop/Github_Renovations/CNC-FPGA/AMD Projects/Zedboard-CNC/Zedboard-CNC.gen/sources_1/bd/CNC_Top/synth/CNC_Top.v:87]
INFO: [Synth 8-6157] synthesizing module 'CNC_Top_xlconstant_0_1' [c:/Users/AmZu/Desktop/Github_Renovations/CNC-FPGA/AMD Projects/Zedboard-CNC/Zedboard-CNC.gen/sources_1/bd/CNC_Top/ip/CNC_Top_xlconstant_0_1/synth/CNC_Top_xlconstant_0_1.v:53]
INFO: [Synth 8-6157] synthesizing module 'xlconstant_v1_1_9_xlconstant' [c:/Users/AmZu/Desktop/Github_Renovations/CNC-FPGA/AMD Projects/Zedboard-CNC/Zedboard-CNC.gen/sources_1/bd/CNC_Top/ipshared/e2d2/hdl/xlconstant_v1_1_vl_rfs.v:68]
INFO: [Synth 8-6155] done synthesizing module 'xlconstant_v1_1_9_xlconstant' (0#1) [c:/Users/AmZu/Desktop/Github_Renovations/CNC-FPGA/AMD Projects/Zedboard-CNC/Zedboard-CNC.gen/sources_1/bd/CNC_Top/ipshared/e2d2/hdl/xlconstant_v1_1_vl_rfs.v:68]
INFO: [Synth 8-6155] done synthesizing module 'CNC_Top_xlconstant_0_1' (0#1) [c:/Users/AmZu/Desktop/Github_Renovations/CNC-FPGA/AMD Projects/Zedboard-CNC/Zedboard-CNC.gen/sources_1/bd/CNC_Top/ip/CNC_Top_xlconstant_0_1/synth/CNC_Top_xlconstant_0_1.v:53]
INFO: [Synth 8-6155] done synthesizing module 'CNC_Top' (0#1) [c:/Users/AmZu/Desktop/Github_Renovations/CNC-FPGA/AMD Projects/Zedboard-CNC/Zedboard-CNC.gen/sources_1/bd/CNC_Top/synth/CNC_Top.v:13]
INFO: [Synth 8-6155] done synthesizing module 'CNC_Top_wrapper' (0#1) [c:/Users/AmZu/Desktop/Github_Renovations/CNC-FPGA/AMD Projects/Zedboard-CNC/Zedboard-CNC.gen/sources_1/bd/CNC_Top/hdl/CNC_Top_wrapper.v:13]
---------------------------------------------------------------------------------
Finished RTL Elaboration : Time (s): cpu = 00:00:05 ; elapsed = 00:00:06 . Memory (MB): peak = 1181.781 ; gain = 575.883
---------------------------------------------------------------------------------
---------------------------------------------------------------------------------
Start Handling Custom Attributes
---------------------------------------------------------------------------------
---------------------------------------------------------------------------------
Finished Handling Custom Attributes : Time (s): cpu = 00:00:05 ; elapsed = 00:00:06 . Memory (MB): peak = 1181.781 ; gain = 575.883
---------------------------------------------------------------------------------
---------------------------------------------------------------------------------
Finished RTL Optimization Phase 1 : Time (s): cpu = 00:00:05 ; elapsed = 00:00:06 . Memory (MB): peak = 1181.781 ; gain = 575.883
---------------------------------------------------------------------------------
Netlist sorting complete. Time (s): cpu = 00:00:00 ; elapsed = 00:00:00.001 . Memory (MB): peak = 1181.781 ; gain = 0.000
INFO: [Netlist 29-17] Analyzing 1 Unisim elements for replacement
INFO: [Netlist 29-28] Unisim Transformation completed in 0 CPU seconds
INFO: [Project 1-570] Preparing netlist for logic optimization

Processing XDC Constraints
Initializing timing engine
Parsing XDC File [c:/Users/AmZu/Desktop/Github_Renovations/CNC-FPGA/AMD Projects/Zedboard-CNC/Zedboard-CNC.gen/sources_1/bd/CNC_Top/ip/CNC_Top_clk_wiz_0/CNC_Top_clk_wiz_0_board.xdc] for cell 'CNC_Top_i/clk_wiz/inst'
Finished Parsing XDC File [c:/Users/AmZu/Desktop/Github_Renovations/CNC-FPGA/AMD Projects/Zedboard-CNC/Zedboard-CNC.gen/sources_1/bd/CNC_Top/ip/CNC_Top_clk_wiz_0/CNC_Top_clk_wiz_0_board.xdc] for cell 'CNC_Top_i/clk_wiz/inst'
Parsing XDC File [c:/Users/AmZu/Desktop/Github_Renovations/CNC-FPGA/AMD Projects/Zedboard-CNC/Zedboard-CNC.gen/sources_1/bd/CNC_Top/ip/CNC_Top_clk_wiz_0/CNC_Top_clk_wiz_0.xdc] for cell 'CNC_Top_i/clk_wiz/inst'
Finished Parsing XDC File [c:/Users/AmZu/Desktop/Github_Renovations/CNC-FPGA/AMD Projects/Zedboard-CNC/Zedboard-CNC.gen/sources_1/bd/CNC_Top/ip/CNC_Top_clk_wiz_0/CNC_Top_clk_wiz_0.xdc] for cell 'CNC_Top_i/clk_wiz/inst'
INFO: [Project 1-236] Implementation specific constraints were found while reading constraint file [c:/Users/AmZu/Desktop/Github_Renovations/CNC-FPGA/AMD Projects/Zedboard-CNC/Zedboard-CNC.gen/sources_1/bd/CNC_Top/ip/CNC_Top_clk_wiz_0/CNC_Top_clk_wiz_0.xdc]. These constraints will be ignored for synthesis but will be used in implementation. Impacted constraints are listed in the file [.Xil/CNC_Top_wrapper_propImpl.xdc].
Resolution: To avoid this warning, move constraints listed in [.Xil/CNC_Top_wrapper_propImpl.xdc] to another XDC file and exclude this new file from synthesis with the used_in_synthesis property (File Properties dialog in GUI) and re-run elaboration/synthesis.
INFO: [Timing 38-2] Deriving generated clocks
Parsing XDC File [C:/Users/AmZu/Desktop/Github_Renovations/CNC-FPGA/AMD Projects/Zedboard-CNC/Zedboard-CNC.srcs/constrs_1/new/cnc_constraints.xdc]
Finished Parsing XDC File [C:/Users/AmZu/Desktop/Github_Renovations/CNC-FPGA/AMD Projects/Zedboard-CNC/Zedboard-CNC.srcs/constrs_1/new/cnc_constraints.xdc]
INFO: [Project 1-236] Implementation specific constraints were found while reading constraint file [C:/Users/AmZu/Desktop/Github_Renovations/CNC-FPGA/AMD Projects/Zedboard-CNC/Zedboard-CNC.srcs/constrs_1/new/cnc_constraints.xdc]. These constraints will be ignored for synthesis but will be used in implementation. Impacted constraints are listed in the file [.Xil/CNC_Top_wrapper_propImpl.xdc].
Resolution: To avoid this warning, move constraints listed in [.Xil/CNC_Top_wrapper_propImpl.xdc] to another XDC file and exclude this new file from synthesis with the used_in_synthesis property (File Properties dialog in GUI) and re-run elaboration/synthesis.
Parsing XDC File [C:/Users/AmZu/Desktop/Github_Renovations/CNC-FPGA/AMD Projects/Zedboard-CNC/Zedboard-CNC.runs/synth_1/dont_touch.xdc]
Finished Parsing XDC File [C:/Users/AmZu/Desktop/Github_Renovations/CNC-FPGA/AMD Projects/Zedboard-CNC/Zedboard-CNC.runs/synth_1/dont_touch.xdc]
INFO: [Project 1-236] Implementation specific constraints were found while reading constraint file [C:/Users/AmZu/Desktop/Github_Renovations/CNC-FPGA/AMD Projects/Zedboard-CNC/Zedboard-CNC.runs/synth_1/dont_touch.xdc]. These constraints will be ignored for synthesis but will be used in implementation. Impacted constraints are listed in the file [.Xil/CNC_Top_wrapper_propImpl.xdc].
Resolution: To avoid this warning, move constraints listed in [.Xil/CNC_Top_wrapper_propImpl.xdc] to another XDC file and exclude this new file from synthesis with the used_in_synthesis property (File Properties dialog in GUI) and re-run elaboration/synthesis.
Completed Processing XDC Constraints

Netlist sorting complete. Time (s): cpu = 00:00:00 ; elapsed = 00:00:00 . Memory (MB): peak = 1181.781 ; gain = 0.000
INFO: [Project 1-111] Unisim Transformation Summary:
No Unisim elements were transformed.

Constraint Validation Runtime : Time (s): cpu = 00:00:00 ; elapsed = 00:00:00.003 . Memory (MB): peak = 1181.781 ; gain = 0.000
INFO: [Designutils 20-5440] No compile time benefit to using incremental synthesis; A full resynthesis will be run
INFO: [Designutils 20-4379] Flow is switching to default flow due to incremental criteria not met. If you would like to alter this behaviour and have the flow terminate instead, please set the following parameter config_implementation {autoIncr.Synth.RejectBehavior Terminate}
---------------------------------------------------------------------------------
Finished Constraint Validation : Time (s): cpu = 00:00:11 ; elapsed = 00:00:12 . Memory (MB): peak = 1181.781 ; gain = 575.883
---------------------------------------------------------------------------------
---------------------------------------------------------------------------------
Start Loading Part and Timing Information
---------------------------------------------------------------------------------
Loading part: xc7z020clg484-1
---------------------------------------------------------------------------------
Finished Loading Part and Timing Information : Time (s): cpu = 00:00:11 ; elapsed = 00:00:12 . Memory (MB): peak = 1181.781 ; gain = 575.883
---------------------------------------------------------------------------------
---------------------------------------------------------------------------------
Start Applying 'set_property' XDC Constraints
---------------------------------------------------------------------------------
Applied set_property keep_hierarchy = soft for CNC_Top_i/clk_wiz/inst. (constraint file  {c:/Users/AmZu/Desktop/Github_Renovations/CNC-FPGA/AMD Projects/Zedboard-CNC/Zedboard-CNC.gen/sources_1/bd/CNC_Top/ip/CNC_Top_clk_wiz_0/CNC_Top_clk_wiz_0.xdc}, line 53).
Applied set_property KEEP_HIERARCHY = SOFT for CNC_Top_i/clk_wiz/inst. (constraint file  {C:/Users/AmZu/Desktop/Github_Renovations/CNC-FPGA/AMD Projects/Zedboard-CNC/Zedboard-CNC.runs/synth_1/dont_touch.xdc}, line 25).
Applied set_property KEEP_HIERARCHY = SOFT for CNC_Top_i. (constraint file  auto generated constraint).
Applied set_property KEEP_HIERARCHY = SOFT for CNC_Top_i/clk_wiz. (constraint file  auto generated constraint).
Applied set_property KEEP_HIERARCHY = SOFT for CNC_Top_i/const_0. (constraint file  auto generated constraint).
Applied set_property KEEP_HIERARCHY = SOFT for CNC_Top_i/A4988_Driver_IO. (constraint file  auto generated constraint).
Applied set_property KEEP_HIERARCHY = SOFT for CNC_Top_i/DriverController. (constraint file  auto generated constraint).
Applied set_property KEEP_HIERARCHY = SOFT for CNC_Top_i/LED_IO_0. (constraint file  auto generated constraint).
Applied set_property KEEP = true for sys_clock. (constraint file  auto generated constraint).
---------------------------------------------------------------------------------
Finished applying 'set_property' XDC Constraints : Time (s): cpu = 00:00:11 ; elapsed = 00:00:12 . Memory (MB): peak = 1181.781 ; gain = 575.883
---------------------------------------------------------------------------------
---------------------------------------------------------------------------------
Finished RTL Optimization Phase 2 : Time (s): cpu = 00:00:11 ; elapsed = 00:00:12 . Memory (MB): peak = 1181.781 ; gain = 575.883
---------------------------------------------------------------------------------
---------------------------------------------------------------------------------
Start RTL Component Statistics 
---------------------------------------------------------------------------------
Detailed RTL Component Info : 
+---Registers : 
	                1 Bit    Registers := 2     
---------------------------------------------------------------------------------
Finished RTL Component Statistics 
---------------------------------------------------------------------------------
---------------------------------------------------------------------------------
Start Part Resource Summary
---------------------------------------------------------------------------------
Part Resources:
DSPs: 220 (col length:60)
BRAMs: 280 (col length: RAMB18 60 RAMB36 30)
---------------------------------------------------------------------------------
Finished Part Resource Summary
---------------------------------------------------------------------------------
---------------------------------------------------------------------------------
Start Cross Boundary and Area Optimization
---------------------------------------------------------------------------------
INFO: [Synth 8-7080] Parallel synthesis criteria is not met
---------------------------------------------------------------------------------
Finished Cross Boundary and Area Optimization : Time (s): cpu = 00:00:13 ; elapsed = 00:00:14 . Memory (MB): peak = 1210.047 ; gain = 604.148
---------------------------------------------------------------------------------
---------------------------------------------------------------------------------
Start Applying XDC Timing Constraints
---------------------------------------------------------------------------------
---------------------------------------------------------------------------------
Finished Applying XDC Timing Constraints : Time (s): cpu = 00:00:17 ; elapsed = 00:00:18 . Memory (MB): peak = 1372.441 ; gain = 766.543
---------------------------------------------------------------------------------
---------------------------------------------------------------------------------
Start Timing Optimization
---------------------------------------------------------------------------------
---------------------------------------------------------------------------------
Finished Timing Optimization : Time (s): cpu = 00:00:17 ; elapsed = 00:00:18 . Memory (MB): peak = 1372.441 ; gain = 766.543
---------------------------------------------------------------------------------
---------------------------------------------------------------------------------
Start Technology Mapping
---------------------------------------------------------------------------------
---------------------------------------------------------------------------------
Finished Technology Mapping : Time (s): cpu = 00:00:17 ; elapsed = 00:00:18 . Memory (MB): peak = 1382.539 ; gain = 776.641
---------------------------------------------------------------------------------
---------------------------------------------------------------------------------
Start IO Insertion
---------------------------------------------------------------------------------
---------------------------------------------------------------------------------
Start Flattening Before IO Insertion
---------------------------------------------------------------------------------
---------------------------------------------------------------------------------
Finished Flattening Before IO Insertion
---------------------------------------------------------------------------------
---------------------------------------------------------------------------------
Start Final Netlist Cleanup
---------------------------------------------------------------------------------
---------------------------------------------------------------------------------
Finished Final Netlist Cleanup
---------------------------------------------------------------------------------
---------------------------------------------------------------------------------
Finished IO Insertion : Time (s): cpu = 00:00:20 ; elapsed = 00:00:21 . Memory (MB): peak = 1598.773 ; gain = 992.875
---------------------------------------------------------------------------------
---------------------------------------------------------------------------------
Start Renaming Generated Instances
---------------------------------------------------------------------------------
---------------------------------------------------------------------------------
Finished Renaming Generated Instances : Time (s): cpu = 00:00:20 ; elapsed = 00:00:21 . Memory (MB): peak = 1598.773 ; gain = 992.875
---------------------------------------------------------------------------------
---------------------------------------------------------------------------------
Start Rebuilding User Hierarchy
---------------------------------------------------------------------------------
---------------------------------------------------------------------------------
Finished Rebuilding User Hierarchy : Time (s): cpu = 00:00:20 ; elapsed = 00:00:21 . Memory (MB): peak = 1598.773 ; gain = 992.875
---------------------------------------------------------------------------------
---------------------------------------------------------------------------------
Start Renaming Generated Ports
---------------------------------------------------------------------------------
---------------------------------------------------------------------------------
Finished Renaming Generated Ports : Time (s): cpu = 00:00:20 ; elapsed = 00:00:21 . Memory (MB): peak = 1598.773 ; gain = 992.875
---------------------------------------------------------------------------------
---------------------------------------------------------------------------------
Start Handling Custom Attributes
---------------------------------------------------------------------------------
---------------------------------------------------------------------------------
Finished Handling Custom Attributes : Time (s): cpu = 00:00:20 ; elapsed = 00:00:21 . Memory (MB): peak = 1598.773 ; gain = 992.875
---------------------------------------------------------------------------------
---------------------------------------------------------------------------------
Start Renaming Generated Nets
---------------------------------------------------------------------------------
---------------------------------------------------------------------------------
Finished Renaming Generated Nets : Time (s): cpu = 00:00:20 ; elapsed = 00:00:21 . Memory (MB): peak = 1598.773 ; gain = 992.875
---------------------------------------------------------------------------------
---------------------------------------------------------------------------------
Start Writing Synthesis Report
---------------------------------------------------------------------------------

Report BlackBoxes: 
+-+--------------+----------+
| |BlackBox name |Instances |
+-+--------------+----------+
+-+--------------+----------+

Report Cell Usage: 
+------+-----------+------+
|      |Cell       |Count |
+------+-----------+------+
|1     |BUFG       |     2|
|2     |CARRY4     |     5|
|3     |LUT1       |     3|
|4     |LUT2       |     2|
|5     |MMCME2_ADV |     1|
|6     |FDRE       |    22|
|7     |IBUF       |     3|
|8     |OBUF       |    15|
+------+-----------+------+
---------------------------------------------------------------------------------
Finished Writing Synthesis Report : Time (s): cpu = 00:00:20 ; elapsed = 00:00:21 . Memory (MB): peak = 1598.773 ; gain = 992.875
---------------------------------------------------------------------------------
Synthesis finished with 0 errors, 0 critical warnings and 0 warnings.
Synthesis Optimization Runtime : Time (s): cpu = 00:00:13 ; elapsed = 00:00:19 . Memory (MB): peak = 1598.773 ; gain = 992.875
Synthesis Optimization Complete : Time (s): cpu = 00:00:20 ; elapsed = 00:00:21 . Memory (MB): peak = 1598.773 ; gain = 992.875
INFO: [Project 1-571] Translating synthesized netlist
Netlist sorting complete. Time (s): cpu = 00:00:00 ; elapsed = 00:00:00.001 . Memory (MB): peak = 1598.773 ; gain = 0.000
INFO: [Netlist 29-17] Analyzing 6 Unisim elements for replacement
INFO: [Netlist 29-28] Unisim Transformation completed in 0 CPU seconds
INFO: [Project 1-570] Preparing netlist for logic optimization
INFO: [Opt 31-138] Pushed 0 inverter(s) to 0 load pin(s).
Netlist sorting complete. Time (s): cpu = 00:00:00 ; elapsed = 00:00:00 . Memory (MB): peak = 1598.773 ; gain = 0.000
INFO: [Project 1-111] Unisim Transformation Summary:
No Unisim elements were transformed.

Synth Design complete | Checksum: b79a0490
INFO: [Common 17-83] Releasing license: Synthesis
61 Infos, 2 Warnings, 0 Critical Warnings and 0 Errors encountered.
synth_design completed successfully
INFO: [Common 17-600] The following parameters have non-default value.
tcl.statsThreshold
Write ShapeDB Complete: Time (s): cpu = 00:00:00 ; elapsed = 00:00:00.001 . Memory (MB): peak = 1598.773 ; gain = 0.000
INFO: [Common 17-1381] The checkpoint 'C:/Users/AmZu/Desktop/Github_Renovations/CNC-FPGA/AMD Projects/Zedboard-CNC/Zedboard-CNC.runs/synth_1/CNC_Top_wrapper.dcp' has been generated.
INFO: [Vivado 12-24828] Executing command : report_utilization -file CNC_Top_wrapper_utilization_synth.rpt -pb CNC_Top_wrapper_utilization_synth.pb
INFO: [Common 17-206] Exiting Vivado at Wed Jun 18 02:26:31 2025...
